<?xml version="1.0" encoding="utf-8" standalone="no"?>
<!--This file represents the results of running a test suite-->
<test-results name="C:\Javi\UBA\FIUBA\Algoritmos y Programación III\TP2\ TP2\ tp-algoritmos-tres\TP2\bin\Release\TP2.dll" total="3" errors="0" failures="0" not-run="0" inconclusive="0" ignored="0" skipped="0" invalid="0" date="2012-05-28" time="17:24:34">
  <environment nunit-version="2.6.0.12051" clr-version="2.0.50727.3082" os-version="Microsoft Windows NT 5.1.2600 Service Pack 3" platform="Win32NT" cwd="C:\Javi\UBA\FIUBA\Algoritmos y Programación III\TP2\ TP2\ tp-algoritmos-tres\TP2\bin\Release" machine-name="HOME" user="Administrador" user-domain="HOME" />
  <culture-info current-culture="es-AR" current-uiculture="es-ES" />
  <test-suite type="Assembly" name="C:\Javi\UBA\FIUBA\Algoritmos y Programación III\TP2\ TP2\ tp-algoritmos-tres\TP2\bin\Release\TP2.dll" executed="True" result="Success" success="True" time="0.094" asserts="0">
    <results>
      <test-suite type="Namespace" name="TP2" executed="True" result="Success" success="True" time="0.078" asserts="0">
        <results>
          <test-suite type="Namespace" name="Tests" executed="True" result="Success" success="True" time="0.078" asserts="0">
            <results>
              <test-suite type="TestFixture" name="BombitaTest" executed="True" result="Success" success="True" time="0.078" asserts="0">
                <results>
                  <test-case name="TP2.Tests.BombitaTest.CuandoBombitaLanceUnaBombaSeLeResteUna" executed="True" result="Success" success="True" time="0.031" asserts="1" />
                  <test-case name="TP2.Tests.BombitaTest.CuandoCreoABombitaQueTenga1Vida" executed="True" result="Success" success="True" time="0.000" asserts="1" />
                  <test-case name="TP2.Tests.BombitaTest.CuandoCreoABombitaQueTenga5DeVelocidad" executed="True" result="Success" success="True" time="0.000" asserts="1" />
                </results>
              </test-suite>
            </results>
          </test-suite>
        </results>
      </test-suite>
    </results>
  </test-suite>
</test-results>