<?xml version="1.0" encoding="utf-8" standalone="no"?>
<!--This file represents the results of running a test suite-->
<test-results name="C:\Javi\UBA\FIUBA\Algoritmos y Programación III\TP2\ tp-algoritmos-tres\TP2-Bomberman\TP2-Bomberman\bin\Release\TP2-Bomberman.dll" total="170" errors="0" failures="0" not-run="0" inconclusive="0" ignored="0" skipped="0" invalid="0" date="2012-06-13" time="13:02:36">
  <environment nunit-version="2.6.0.12051" clr-version="2.0.50727.3082" os-version="Microsoft Windows NT 5.1.2600 Service Pack 3" platform="Win32NT" cwd="C:\Javi\UBA\FIUBA\Algoritmos y Programación III\TP2\ tp-algoritmos-tres\TP2-Bomberman\TP2-Bomberman\bin\Release" machine-name="HOME" user="Administrador" user-domain="HOME" />
  <culture-info current-culture="es-AR" current-uiculture="es-ES" />
  <test-suite type="Assembly" name="C:\Javi\UBA\FIUBA\Algoritmos y Programación III\TP2\ tp-algoritmos-tres\TP2-Bomberman\TP2-Bomberman\bin\Release\TP2-Bomberman.dll" executed="True" result="Success" success="True" time="0.953" asserts="0">
    <results>
      <test-suite type="Namespace" name="TP2_Bomberman" executed="True" result="Success" success="True" time="0.953" asserts="0">
        <results>
          <test-suite type="Namespace" name="test" executed="True" result="Success" success="True" time="0.938" asserts="0">
            <results>
              <test-suite type="TestFixture" name="BloqueDeAceroTest" executed="True" result="Success" success="True" time="0.109" asserts="0">
                <results>
                  <test-case name="TP2_Bomberman.test.BloqueDeAceroTest.PruebaLaCreacionDeUnBloqueDeAcero" executed="True" result="Success" success="True" time="0.031" asserts="1" />
                  <test-case name="TP2_Bomberman.test.BloqueDeAceroTest.PruebaQuePosicionarAlBloqueEnUnaPosicionInvalidaLanceUnaExcepcion" executed="True" result="Success" success="True" time="0.000" asserts="1" />
                  <test-case name="TP2_Bomberman.test.BloqueDeAceroTest.PruebaQueSePosicioneCorrectamenteEnUnTablero" executed="True" result="Success" success="True" time="0.000" asserts="2" />
                  <test-case name="TP2_Bomberman.test.BloqueDeAceroTest.QueElBloqueNoSeaDañandoPorUnaMolotov" executed="True" result="Success" success="True" time="0.000" asserts="2" />
                  <test-case name="TP2_Bomberman.test.BloqueDeAceroTest.QueElBloqueNoSeaDañandoPorUnProyectil" executed="True" result="Success" success="True" time="0.000" asserts="2" />
                  <test-case name="TP2_Bomberman.test.BloqueDeAceroTest.QueElBloqueSeaDañandoPorUnaToleToleYSeaDestruido" executed="True" result="Success" success="True" time="0.000" asserts="2" />
                  <test-case name="TP2_Bomberman.test.BloqueDeAceroTest.TratarDeSeguirDaniandoAUnBloqueDestruidoLanceUnaExcepcion" executed="True" result="Success" success="True" time="0.016" asserts="1" />
                </results>
              </test-suite>
              <test-suite type="TestFixture" name="BloqueDeCementoTest" executed="True" result="Success" success="True" time="0.031" asserts="0">
                <results>
                  <test-case name="TP2_Bomberman.test.BloqueDeCementoTest.PruebaLaCreacionDeUnBloqueDeCemento" executed="True" result="Success" success="True" time="0.000" asserts="1" />
                  <test-case name="TP2_Bomberman.test.BloqueDeCementoTest.PruebaQueLaResistenciaDeUnBloqueDeCementoSea10" executed="True" result="Success" success="True" time="0.000" asserts="1" />
                  <test-case name="TP2_Bomberman.test.BloqueDeCementoTest.PruebaQuePosicionarAlBloqueEnUnaPosicionInvalidaLanceUnaExcepcion" executed="True" result="Success" success="True" time="0.000" asserts="1" />
                  <test-case name="TP2_Bomberman.test.BloqueDeCementoTest.PruebaQueSePosicioneCorrectamenteEnUnTablero" executed="True" result="Success" success="True" time="0.000" asserts="2" />
                  <test-case name="TP2_Bomberman.test.BloqueDeCementoTest.QueElBloqueNoSeaDañandoPorUnProyectilYQuedeResistencia5" executed="True" result="Success" success="True" time="0.000" asserts="2" />
                  <test-case name="TP2_Bomberman.test.BloqueDeCementoTest.QueElBloqueSeaDañandoPorUnaMolotovYQuedeConResistencia5" executed="True" result="Success" success="True" time="0.000" asserts="2" />
                  <test-case name="TP2_Bomberman.test.BloqueDeCementoTest.QueElBloqueSeaDañandoPorUnaToleToleYSeaDestruido" executed="True" result="Success" success="True" time="0.000" asserts="1" />
                  <test-case name="TP2_Bomberman.test.BloqueDeCementoTest.QueUnBloqueDeCementoSeaDestruidoYDejeUnArticulo" executed="True" result="Success" success="True" time="0.000" asserts="4" />
                  <test-case name="TP2_Bomberman.test.BloqueDeCementoTest.TratarDeSeguirDaniandoAUnBloqueDestruidoLanceUnaExcepcion" executed="True" result="Success" success="True" time="0.000" asserts="1" />
                </results>
              </test-suite>
              <test-suite type="TestFixture" name="BloqueDeLadrillosTest" executed="True" result="Success" success="True" time="0.031" asserts="0">
                <results>
                  <test-case name="TP2_Bomberman.test.BloqueDeLadrillosTest.PruebaLaCreacionDeUnBloqueDeLadrillos" executed="True" result="Success" success="True" time="0.000" asserts="1" />
                  <test-case name="TP2_Bomberman.test.BloqueDeLadrillosTest.PruebaQueLaResistenciaDeUnBloqueDeLadrillosSea5" executed="True" result="Success" success="True" time="0.000" asserts="1" />
                  <test-case name="TP2_Bomberman.test.BloqueDeLadrillosTest.PruebaQuePosicionarAlBloqueEnUnaPosicionInvalidaLanceUnaExcepcion" executed="True" result="Success" success="True" time="0.000" asserts="1" />
                  <test-case name="TP2_Bomberman.test.BloqueDeLadrillosTest.PruebaQueSePosicioneCorrectamenteEnUnTablero" executed="True" result="Success" success="True" time="0.000" asserts="2" />
                  <test-case name="TP2_Bomberman.test.BloqueDeLadrillosTest.QueElBloqueSeaDañandoPorUnaMolotovYSeaDestruido" executed="True" result="Success" success="True" time="0.000" asserts="1" />
                  <test-case name="TP2_Bomberman.test.BloqueDeLadrillosTest.QueElBloqueSeaDañandoPorUnaToleToleYSeaDestruido" executed="True" result="Success" success="True" time="0.000" asserts="1" />
                  <test-case name="TP2_Bomberman.test.BloqueDeLadrillosTest.QueElBloqueSeaDañandoPorUnProyectilYSeaDestruido" executed="True" result="Success" success="True" time="0.016" asserts="1" />
                  <test-case name="TP2_Bomberman.test.BloqueDeLadrillosTest.QueUnBloqueDeLadrillosSeaDestruidoYDejeUnArticulo" executed="True" result="Success" success="True" time="0.000" asserts="4" />
                  <test-case name="TP2_Bomberman.test.BloqueDeLadrillosTest.TratarDeSeguirDaniandoAUnBloqueDestruidoLanceUnaExcepcion" executed="True" result="Success" success="True" time="0.000" asserts="1" />
                </results>
              </test-suite>
              <test-suite type="TestFixture" name="BombaTest" executed="True" result="Success" success="True" time="0.063" asserts="0">
                <results>
                  <test-case name="TP2_Bomberman.test.BombaTest.PruebaCrearOtraMolotov" executed="True" result="Success" success="True" time="0.000" asserts="1" />
                  <test-case name="TP2_Bomberman.test.BombaTest.PruebaLaCreacionDeUnaMolotov" executed="True" result="Success" success="True" time="0.000" asserts="3" />
                  <test-case name="TP2_Bomberman.test.BombaTest.PruebaQueUnaMolotovCuandoSeActivaLuegoDeQuePaseUnTiempo1EsteDestruida" executed="True" result="Success" success="True" time="0.000" asserts="1" />
                  <test-case name="TP2_Bomberman.test.BombaTest.PruebaQueUnaMolotovCuandoSeActivaSiSeQuiereVolverAExplotarLanceUnaExcepcion" executed="True" result="Success" success="True" time="0.016" asserts="1" />
                  <test-case name="TP2_Bomberman.test.BombaTest.PruebaQueUnaMolotovCuandoSeActivaYNoPasaTiempoNoEsteDestruida" executed="True" result="Success" success="True" time="0.000" asserts="1" />
                  <test-case name="TP2_Bomberman.test.BombaTest.PruebaQueUnaToleToleCuandoSeActivaLuegoDeQuePaseUnTiempo5EsteDestruida" executed="True" result="Success" success="True" time="0.000" asserts="2" />
                  <test-case name="TP2_Bomberman.test.BombaTest.PruebaQueUnProyectilCuandoSeActivaLuegoDeQuePaseUnTiempo0EsteDestruida" executed="True" result="Success" success="True" time="0.000" asserts="1" />
                  <test-case name="TP2_Bomberman.test.BombaTest.PruebaQueUnProyectilCuandoSeEncuentraConUnBloqueLoDania" executed="True" result="Success" success="True" time="0.000" asserts="1" />
                  <test-case name="TP2_Bomberman.test.BombaTest.PruebaQueUnProyectilCuandoSeEncuentraUnPersonajeLoDania" executed="True" result="Success" success="True" time="0.000" asserts="1" />
                  <test-case name="TP2_Bomberman.test.BombaTest.PruebaQueUnProyectilNoPuedaMoverseAUnCasilleroConUnaEntidad" executed="True" result="Success" success="True" time="0.000" asserts="2" />
                  <test-case name="TP2_Bomberman.test.BombaTest.PruebaQueUnProyectilPuedaMoverseAUnCasilleroVacio" executed="True" result="Success" success="True" time="0.016" asserts="2" />
                  <test-case name="TP2_Bomberman.test.BombaTest.PruebaQueUnProyectilSoloPuedaMoverse4Casilleros" executed="True" result="Success" success="True" time="0.000" asserts="1" />
                </results>
              </test-suite>
              <test-suite type="TestFixture" name="BombaToleToleTest" executed="True" result="Success" success="True" time="0.047" asserts="0">
                <results>
                  <test-case name="TP2_Bomberman.test.BombaToleToleTest.CuandoSeTrateDeDaniarUnBombaToleToleYaDestruidoLanceUnaExcepcion" executed="True" result="Success" success="True" time="0.000" asserts="1" />
                  <test-case name="TP2_Bomberman.test.BombaToleToleTest.CuandoUnBombitaUtiliceUnBombaToleToleSusBombasSeanDelTipoToleTole" executed="True" result="Success" success="True" time="0.000" asserts="1" />
                  <test-case name="TP2_Bomberman.test.BombaToleToleTest.PruebaLaCreacionDeUnBombaToleTole" executed="True" result="Success" success="True" time="0.000" asserts="2" />
                  <test-case name="TP2_Bomberman.test.BombaToleToleTest.PruebaLaCreacionDeUnBombaToleToleEnUnaPosicionDeterminada" executed="True" result="Success" success="True" time="0.016" asserts="4" />
                  <test-case name="TP2_Bomberman.test.BombaToleToleTest.PruebaQueDaniarUnBombaToleToleConUnaMolotovLoDestruya" executed="True" result="Success" success="True" time="0.000" asserts="1" />
                  <test-case name="TP2_Bomberman.test.BombaToleToleTest.PruebaQueDaniarUnBombaToleToleConUnaToleToleLoDestruya" executed="True" result="Success" success="True" time="0.000" asserts="1" />
                  <test-case name="TP2_Bomberman.test.BombaToleToleTest.PruebaQueDaniarUnBombaToleToleConUnProyectilLoDestruya" executed="True" result="Success" success="True" time="0.000" asserts="1" />
                  <test-case name="TP2_Bomberman.test.BombaToleToleTest.PruebaQueElEfectoDelBombaToleToleLeDureHastaQueMuera" executed="True" result="Success" success="True" time="0.016" asserts="3" />
                </results>
              </test-suite>
              <test-suite type="TestFixture" name="BombitaTest" executed="True" result="Success" success="True" time="0.078" asserts="0">
                <results>
                  <test-case name="TP2_Bomberman.test.BombitaTest.CuandoCreoABombitaQueTenga1DeResistencia" executed="True" result="Success" success="True" time="0.000" asserts="1" />
                  <test-case name="TP2_Bomberman.test.BombitaTest.CuandoCreoABombitaQueTenga3Vidas" executed="True" result="Success" success="True" time="0.000" asserts="1" />
                  <test-case name="TP2_Bomberman.test.BombitaTest.CuandoCreoABombitaQueTenga5DeVelocidad" executed="True" result="Success" success="True" time="0.000" asserts="1" />
                  <test-case name="TP2_Bomberman.test.BombitaTest.CuandoSeMueveBombitaAbajoCambiaSuPosicionEnElTablero" executed="True" result="Success" success="True" time="0.000" asserts="2" />
                  <test-case name="TP2_Bomberman.test.BombitaTest.CuandoSeMueveBombitaALaDerechaCambiaSuPosicionEnElTablero" executed="True" result="Success" success="True" time="0.000" asserts="2" />
                  <test-case name="TP2_Bomberman.test.BombitaTest.CuandoSeMueveBombitaALaIzquierdaCambiaSuPosicionEnElTablero" executed="True" result="Success" success="True" time="0.000" asserts="2" />
                  <test-case name="TP2_Bomberman.test.BombitaTest.CuandoSeMueveBombitaArribaCambiaSuPosicionEnElTablero" executed="True" result="Success" success="True" time="0.000" asserts="2" />
                  <test-case name="TP2_Bomberman.test.BombitaTest.IntentarMoverseAUnaPosicionInvalidaDejaABombitaEnElLugarQueEstaba" executed="True" result="Success" success="True" time="0.000" asserts="2" />
                  <test-case name="TP2_Bomberman.test.BombitaTest.QueABombitaNoLeQuedenMasVidasYQueEsteDestruido" executed="True" result="Success" success="True" time="0.000" asserts="1" />
                  <test-case name="TP2_Bomberman.test.BombitaTest.QueBombitaAgarreUnBombaToleToleYQueModifiqueSuTipoDeBombaALanzar" executed="True" result="Success" success="True" time="0.000" asserts="1" />
                  <test-case name="TP2_Bomberman.test.BombitaTest.QueBombitaAgarreUnHabanoYQueModifiqueSuVelocidad" executed="True" result="Success" success="True" time="0.000" asserts="1" />
                  <test-case name="TP2_Bomberman.test.BombitaTest.QueBombitaAgarreUnTimerYQueModifiqueElRetardoConQueVaALanzarSusBombas" executed="True" result="Success" success="True" time="0.016" asserts="1" />
                  <test-case name="TP2_Bomberman.test.BombitaTest.QueBombitaSeaDañandoPorUnaMolotovLeQuiteUnaVida" executed="True" result="Success" success="True" time="0.000" asserts="1" />
                  <test-case name="TP2_Bomberman.test.BombitaTest.QueBombitaSeaDañandoPorUnaToleToleLeQuiteUnaVida" executed="True" result="Success" success="True" time="0.000" asserts="1" />
                  <test-case name="TP2_Bomberman.test.BombitaTest.QueBombitaSeaDañandoPorUnProyectilLeQuiteUnaVida" executed="True" result="Success" success="True" time="0.000" asserts="1" />
                  <test-case name="TP2_Bomberman.test.BombitaTest.TratarDeSeguirDaniandoAUnBombitaDestruidoLanceUnaExcepcion" executed="True" result="Success" success="True" time="0.016" asserts="1" />
                </results>
              </test-suite>
              <test-suite type="TestFixture" name="CasilleroTest" executed="True" result="Success" success="True" time="0.094" asserts="0">
                <results>
                  <test-case name="TP2_Bomberman.test.CasilleroTest.PruebaLaCreacionDeUnCasillero" executed="True" result="Success" success="True" time="0.000" asserts="2" />
                  <test-case name="TP2_Bomberman.test.CasilleroTest.PruebaObtenerLaCasillaPosicionadaAbajo" executed="True" result="Success" success="True" time="0.000" asserts="2" />
                  <test-case name="TP2_Bomberman.test.CasilleroTest.PruebaObtenerLaCasillaPosicionadaALaDerecha" executed="True" result="Success" success="True" time="0.000" asserts="2" />
                  <test-case name="TP2_Bomberman.test.CasilleroTest.PruebaObtenerLaCasillaPosicionadaALaIzquierda" executed="True" result="Success" success="True" time="0.000" asserts="2" />
                  <test-case name="TP2_Bomberman.test.CasilleroTest.PruebaObtenerLaCasillaPosicionadaArriba" executed="True" result="Success" success="True" time="0.000" asserts="2" />
                  <test-case name="TP2_Bomberman.test.CasilleroTest.PruebaPosicionarUnaBombaEnLaCasilla" executed="True" result="Success" success="True" time="0.000" asserts="1" />
                  <test-case name="TP2_Bomberman.test.CasilleroTest.PruebaPosicionarUnArticuloEnLaCasilla" executed="True" result="Success" success="True" time="0.000" asserts="1" />
                  <test-case name="TP2_Bomberman.test.CasilleroTest.PruebaPosicionarUnBloqueEnLaCasillaYQueTienePersonajeDevuelvaFalse" executed="True" result="Success" success="True" time="0.000" asserts="1" />
                  <test-case name="TP2_Bomberman.test.CasilleroTest.PruebaPosicionarUnObstaculoEnLaCasilla" executed="True" result="Success" success="True" time="0.000" asserts="1" />
                  <test-case name="TP2_Bomberman.test.CasilleroTest.PruebaPosicionarUnPersonajeEnLaCasilla" executed="True" result="Success" success="True" time="0.000" asserts="1" />
                  <test-case name="TP2_Bomberman.test.CasilleroTest.PruebaPosicionarUnPersonajeEnLaCasillaYQueTienePersonajeDevuelvaTrue" executed="True" result="Success" success="True" time="0.000" asserts="1" />
                  <test-case name="TP2_Bomberman.test.CasilleroTest.PruebaQueCasilleroEstaVacioDevuelvaFalseCuandoTieneUnaMolotovAdentroCuandoLePasoLaPosicionDesdeMOLOTOV" executed="True" result="Success" success="True" time="0.000" asserts="3" />
                  <test-case name="TP2_Bomberman.test.CasilleroTest.PruebaQueCasilleroEstaVacioDevuelvaFalseCuandoTieneUnaMolotovAdentroCuandoSeLoPasoEnUnSetter" executed="True" result="Success" success="True" time="0.000" asserts="3" />
                  <test-case name="TP2_Bomberman.test.CasilleroTest.PruebaQueCasilleroEstaVacioDevuelvaFalseCuandoTieneUnBloqueDeAceroAdentroCuandoLePasoLaPosicionDesdeElBloque" executed="True" result="Success" success="True" time="0.000" asserts="3" />
                  <test-case name="TP2_Bomberman.test.CasilleroTest.PruebaQueCasilleroEstaVacioDevuelvaFalseCuandoTieneUnBloqueDeAceroAdentroCuandoSeLoPasoEnUnSetter" executed="True" result="Success" success="True" time="0.000" asserts="3" />
                  <test-case name="TP2_Bomberman.test.CasilleroTest.PruebaQueCasilleroEstaVacioDevuelvaFalseCuandoTieneUnCecilioAdentroCuandoLePasoLaPosicionDesdeCecilio" executed="True" result="Success" success="True" time="0.000" asserts="3" />
                  <test-case name="TP2_Bomberman.test.CasilleroTest.PruebaQueCasilleroEstaVacioDevuelvaFalseCuandoTieneUnCecilioAdentroCuandoSeLoPasoEnUnSetter" executed="True" result="Success" success="True" time="0.000" asserts="3" />
                  <test-case name="TP2_Bomberman.test.CasilleroTest.PruebaQueCasilleroEstaVacioDevuelvaFalseCuandoTieneUnTimerAdentroCuandoLePasoLaPosicionDesdeTimer" executed="True" result="Success" success="True" time="0.000" asserts="3" />
                  <test-case name="TP2_Bomberman.test.CasilleroTest.PruebaQueCasilleroEstaVacioDevuelvaFalseCuandoTieneUnTimerAdentroCuandoSeLoPasoEnUnSetter" executed="True" result="Success" success="True" time="0.000" asserts="3" />
                  <test-case name="TP2_Bomberman.test.CasilleroTest.PruebaQueCuandoSeCreaUnCasilleroEsteVacio" executed="True" result="Success" success="True" time="0.000" asserts="1" />
                  <test-case name="TP2_Bomberman.test.CasilleroTest.PruebaQueElCasilleroEsteVacioDevuelvaTrueCuandoEsteVacio" executed="True" result="Success" success="True" time="0.016" asserts="1" />
                </results>
              </test-suite>
              <test-suite type="TestFixture" name="CecilioTest" executed="True" result="Success" success="True" time="0.063" asserts="0">
                <results>
                  <test-case name="TP2_Bomberman.test.CecilioTest.CrearCecilioTiene5Vida" executed="True" result="Success" success="True" time="0.000" asserts="1" />
                  <test-case name="TP2_Bomberman.test.CecilioTest.CuandoCreoACecilioQueTenga5DeVelocidad" executed="True" result="Success" success="True" time="0.000" asserts="1" />
                  <test-case name="TP2_Bomberman.test.CecilioTest.CuandoSeMueveCecilioAbajoCambiaSuPosicionEnElTablero" executed="True" result="Success" success="True" time="0.000" asserts="2" />
                  <test-case name="TP2_Bomberman.test.CecilioTest.CuandoSeMueveCecilioALaDerechaCambiaSuPosicionEnElTablero" executed="True" result="Success" success="True" time="0.000" asserts="2" />
                  <test-case name="TP2_Bomberman.test.CecilioTest.CuandoSeMueveCecilioALaIzquierdaCambiaSuPosicionEnElTablero" executed="True" result="Success" success="True" time="0.000" asserts="2" />
                  <test-case name="TP2_Bomberman.test.CecilioTest.CuandoSeMueveCecilioArribaCambiaSuPosicionEnElTablero" executed="True" result="Success" success="True" time="0.000" asserts="2" />
                  <test-case name="TP2_Bomberman.test.CecilioTest.IntentarMoverseAUnaPosicionInvalidaDejaACecilioEnElLugarQueEstaba" executed="True" result="Success" success="True" time="0.000" asserts="2" />
                  <test-case name="TP2_Bomberman.test.CecilioTest.QueCecilioLanceUnaBombaYSeDanieASiMismo" executed="True" result="Success" success="True" time="0.016" asserts="1" />
                  <test-case name="TP2_Bomberman.test.CecilioTest.QueCecilioSeaDañandoPorUnaMolotovLeQuiteUnaVida" executed="True" result="Success" success="True" time="0.000" asserts="1" />
                  <test-case name="TP2_Bomberman.test.CecilioTest.QueCecilioSeaDañandoPorUnaToleToleLeQuiteUnaVida" executed="True" result="Success" success="True" time="0.000" asserts="1" />
                  <test-case name="TP2_Bomberman.test.CecilioTest.QueCecilioSeaDañandoPorUnProyectilLeQuiteUnaVida" executed="True" result="Success" success="True" time="0.000" asserts="1" />
                  <test-case name="TP2_Bomberman.test.CecilioTest.TratarDeSeguirDaniandoACecilioDestruidoLanceUnaExcepcion" executed="True" result="Success" success="True" time="0.000" asserts="1" />
                </results>
              </test-suite>
              <test-suite type="TestFixture" name="HabanoTest" executed="True" result="Success" success="True" time="0.031" asserts="0">
                <results>
                  <test-case name="TP2_Bomberman.test.HabanoTest.CuandoSeTrateDeDaniarUnHabanoYaDestruidoLanceUnaExcepcion" executed="True" result="Success" success="True" time="0.000" asserts="1" />
                  <test-case name="TP2_Bomberman.test.HabanoTest.CuandoUnBombitaUtiliceUnHabanoAumenteSuVelocidad" executed="True" result="Success" success="True" time="0.000" asserts="1" />
                  <test-case name="TP2_Bomberman.test.HabanoTest.PruebaLaCreacionDeUnHabano" executed="True" result="Success" success="True" time="0.000" asserts="2" />
                  <test-case name="TP2_Bomberman.test.HabanoTest.PruebaLaCreacionDeUnHabanoEnUnaPosicionDeterminada" executed="True" result="Success" success="True" time="0.000" asserts="4" />
                  <test-case name="TP2_Bomberman.test.HabanoTest.PruebaQueDaniarUnHabanoConUnaMolotovLoDestruya" executed="True" result="Success" success="True" time="0.000" asserts="1" />
                  <test-case name="TP2_Bomberman.test.HabanoTest.PruebaQueDaniarUnHabanoConUnaToleToleLoDestruya" executed="True" result="Success" success="True" time="0.000" asserts="1" />
                  <test-case name="TP2_Bomberman.test.HabanoTest.PruebaQueDaniarUnHabanoConUnProyectilLoDestruya" executed="True" result="Success" success="True" time="0.000" asserts="1" />
                  <test-case name="TP2_Bomberman.test.HabanoTest.PruebaQueElEfectoDelHabanoLeDureHastaQueMuera" executed="True" result="Success" success="True" time="0.000" asserts="3" />
                </results>
              </test-suite>
              <test-suite type="TestFixture" name="IntegracionTest" executed="True" result="Success" success="True" time="0.109" asserts="0">
                <results>
                  <test-case name="TP2_Bomberman.test.IntegracionTest.BombitaAgarreUnTimerYSusBombasTardenMasEnExplotar" executed="True" result="Success" success="True" time="0.016" asserts="4" />
                  <test-case name="TP2_Bomberman.test.IntegracionTest.BombitaIntentaLanzarDosBombasALaVez" executed="True" result="Success" success="True" time="0.000" asserts="1" />
                  <test-case name="TP2_Bomberman.test.IntegracionTest.CreaUnEnemigoUnBombitaYLopezRLanzaUnProyectilYLoLastimaAlEnemigoQueEstaEnElMedioYABombitaNoLoDanie" executed="True" result="Success" success="True" time="0.000" asserts="3" />
                  <test-case name="TP2_Bomberman.test.IntegracionTest.CreaUnEnemigoYUnBombitaYLanzaDosBombasYLoDestruye" executed="True" result="Success" success="True" time="0.000" asserts="1" />
                  <test-case name="TP2_Bomberman.test.IntegracionTest.CreaUnEnemigoYUnBombitaYLoLastimaConUnaMolotov" executed="True" result="Success" success="True" time="0.000" asserts="1" />
                  <test-case name="TP2_Bomberman.test.IntegracionTest.CreaUnEnemigoYUnBombitaYLoLastimaConUnaMolotovAlEnemigoYASiMismo" executed="True" result="Success" success="True" time="0.000" asserts="2" />
                  <test-case name="TP2_Bomberman.test.IntegracionTest.CreaUnEnemigoYUnBombitaYLopezRLanzaUnProyectilYLoLastimaABombita" executed="True" result="Success" success="True" time="0.000" asserts="2" />
                  <test-case name="TP2_Bomberman.test.IntegracionTest.CreaUnTableroConBombitaYUnaBombaYMueveABombitaHastaChocar" executed="True" result="Success" success="True" time="0.000" asserts="4" />
                  <test-case name="TP2_Bomberman.test.IntegracionTest.CreaUnTableroConBombitaYUnBloqueConUnArticuloYQueBombitaLoAgarre" executed="True" result="Success" success="True" time="0.000" asserts="3" />
                  <test-case name="TP2_Bomberman.test.IntegracionTest.CreaUnTableroConBombitaYUnBombaToleToleYMueveABombitaHastaAgarrarlo" executed="True" result="Success" success="True" time="0.000" asserts="4" />
                  <test-case name="TP2_Bomberman.test.IntegracionTest.CreaUnTableroConBombitaYUnHabanoYMueveABombitaHastaAgarrarlo" executed="True" result="Success" success="True" time="0.000" asserts="4" />
                  <test-case name="TP2_Bomberman.test.IntegracionTest.CreaUnTableroConBombitaYUnLopezRAladoYLosMueveHastaChocarseYQueBombitaPierdaUnaVida" executed="True" result="Success" success="True" time="0.000" asserts="5" />
                  <test-case name="TP2_Bomberman.test.IntegracionTest.CreaUnTableroConBombitaYUnLopezRYLosMueveHastaChocarseYQueBombitaPierdaUnaVida" executed="True" result="Success" success="True" time="0.016" asserts="5" />
                  <test-case name="TP2_Bomberman.test.IntegracionTest.CreaUnTableroConBombitaYUnObstaculoYMueveABombitaHastaChocarse" executed="True" result="Success" success="True" time="0.000" asserts="4" />
                  <test-case name="TP2_Bomberman.test.IntegracionTest.CreaUnTableroConBombitaYUnProyectilYSeColisionanEntoncesBombitaPierdeUnaVida" executed="True" result="Success" success="True" time="0.000" asserts="4" />
                  <test-case name="TP2_Bomberman.test.IntegracionTest.CreaUnTableroConBombitaYUnTimerYMueveABombitaHastaAgarrarlo" executed="True" result="Success" success="True" time="0.000" asserts="4" />
                  <test-case name="TP2_Bomberman.test.IntegracionTest.CreaUnTableroConUnBombitaYUnCecilioYLosMueve" executed="True" result="Success" success="True" time="0.000" asserts="2" />
                  <test-case name="TP2_Bomberman.test.IntegracionTest.CreaUnTableroConUnBombitaYUnCecilioYLosMueveHastaChocarse" executed="True" result="Success" success="True" time="0.000" asserts="5" />
                  <test-case name="TP2_Bomberman.test.IntegracionTest.LopezRIntentaLanzarDosProyectilesALaVezYNoPuede" executed="True" result="Success" success="True" time="0.000" asserts="1" />
                  <test-case name="TP2_Bomberman.test.IntegracionTest.PruebaQueBombitaLanceUnaBombaAlLadoDeUnBloquesDeLadrillosYLosDestruya" executed="True" result="Success" success="True" time="0.016" asserts="1" />
                  <test-case name="TP2_Bomberman.test.IntegracionTest.PruebaQueCuandoUnProyectilExploteDanieAUnBombitaQueEsteAlLado" executed="True" result="Success" success="True" time="0.000" asserts="3" />
                  <test-case name="TP2_Bomberman.test.IntegracionTest.QueBombitaNoSeaDaniadoCuandoSeLeLanzaUnProyectilYEstaAtrasDeUnBloque" executed="True" result="Success" success="True" time="0.000" asserts="1" />
                </results>
              </test-suite>
              <test-suite type="TestFixture" name="LopezRAladoAladoTest" executed="True" result="Success" success="True" time="0.047" asserts="0">
                <results>
                  <test-case name="TP2_Bomberman.test.LopezRAladoAladoTest.crearLopezRAladoTiene5DeResistencia" executed="True" result="Success" success="True" time="0.000" asserts="1" />
                  <test-case name="TP2_Bomberman.test.LopezRAladoAladoTest.CuandoCreoALopezRAladoQueTenga5DeVelocidad" executed="True" result="Success" success="True" time="0.000" asserts="1" />
                  <test-case name="TP2_Bomberman.test.LopezRAladoAladoTest.CuandoSeMueveLopezRAladoAbajoCambiaSuPosicionEnElTablero" executed="True" result="Success" success="True" time="0.000" asserts="2" />
                  <test-case name="TP2_Bomberman.test.LopezRAladoAladoTest.CuandoSeMueveLopezRAladoALaDerechaCambiaSuPosicionEnElTablero" executed="True" result="Success" success="True" time="0.000" asserts="2" />
                  <test-case name="TP2_Bomberman.test.LopezRAladoAladoTest.CuandoSeMueveLopezRAladoALaIzquierdaCambiaSuPosicionEnElTablero" executed="True" result="Success" success="True" time="0.000" asserts="2" />
                  <test-case name="TP2_Bomberman.test.LopezRAladoAladoTest.CuandoSeMueveLopezRAladoArribaCambiaSuPosicionEnElTablero" executed="True" result="Success" success="True" time="0.000" asserts="2" />
                  <test-case name="TP2_Bomberman.test.LopezRAladoAladoTest.IntentarMoverseAUnaPosicionInvalidaDejaALopezRAladoEnElLugarQueEstaba" executed="True" result="Success" success="True" time="0.000" asserts="2" />
                  <test-case name="TP2_Bomberman.test.LopezRAladoAladoTest.QueCecilioLanceUnaBombaYSeDanieASiMismo" executed="True" result="Success" success="True" time="0.000" asserts="1" />
                  <test-case name="TP2_Bomberman.test.LopezRAladoAladoTest.QueLopezRAladoPuedaMoversePorArribaDeLosObstaculos" executed="True" result="Success" success="True" time="0.000" asserts="1" />
                  <test-case name="TP2_Bomberman.test.LopezRAladoAladoTest.QueLopezRAladoSeaDañandoPorUnaMolotovLeQuiteUnaVida" executed="True" result="Success" success="True" time="0.000" asserts="1" />
                  <test-case name="TP2_Bomberman.test.LopezRAladoAladoTest.QueLopezRAladoSeaDañandoPorUnaToleToleLeQuiteUnaVida" executed="True" result="Success" success="True" time="0.000" asserts="1" />
                  <test-case name="TP2_Bomberman.test.LopezRAladoAladoTest.QueLopezRAladoSeaDañandoPorUnProyectilLeQuiteUnaVida" executed="True" result="Success" success="True" time="0.000" asserts="1" />
                  <test-case name="TP2_Bomberman.test.LopezRAladoAladoTest.TratarDeSeguirDaniandoALopezRAladoDestruidoLanceUnaExcepcion" executed="True" result="Success" success="True" time="0.000" asserts="1" />
                </results>
              </test-suite>
              <test-suite type="TestFixture" name="LopezRTest" executed="True" result="Success" success="True" time="0.047" asserts="0">
                <results>
                  <test-case name="TP2_Bomberman.test.LopezRTest.crearLopezRTiene10Resistencia" executed="True" result="Success" success="True" time="0.000" asserts="1" />
                  <test-case name="TP2_Bomberman.test.LopezRTest.CuandoCreoALopezRQueTenga5DeVelocidad" executed="True" result="Success" success="True" time="0.000" asserts="1" />
                  <test-case name="TP2_Bomberman.test.LopezRTest.CuandoSeMueveLopezRAbajoCambiaSuPosicionEnElTablero" executed="True" result="Success" success="True" time="0.000" asserts="2" />
                  <test-case name="TP2_Bomberman.test.LopezRTest.CuandoSeMueveLopezRALaDerechaCambiaSuPosicionEnElTablero" executed="True" result="Success" success="True" time="0.000" asserts="2" />
                  <test-case name="TP2_Bomberman.test.LopezRTest.CuandoSeMueveLopezRALaIzquierdaCambiaSuPosicionEnElTablero" executed="True" result="Success" success="True" time="0.000" asserts="2" />
                  <test-case name="TP2_Bomberman.test.LopezRTest.CuandoSeMueveLopezRArribaCambiaSuPosicionEnElTablero" executed="True" result="Success" success="True" time="0.000" asserts="2" />
                  <test-case name="TP2_Bomberman.test.LopezRTest.IntentarMoverseAUnaPosicionInvalidaDejaALopezREnElLugarQueEstaba" executed="True" result="Success" success="True" time="0.000" asserts="2" />
                  <test-case name="TP2_Bomberman.test.LopezRTest.QueLopezRSeaDañandoPorUnaMolotovLeQuiteUnaVida" executed="True" result="Success" success="True" time="0.016" asserts="1" />
                  <test-case name="TP2_Bomberman.test.LopezRTest.QueLopezRSeaDañandoPorUnaToleToleLeQuiteUnaVida" executed="True" result="Success" success="True" time="0.000" asserts="1" />
                  <test-case name="TP2_Bomberman.test.LopezRTest.QueLopezRSeaDañandoPorUnProyectilLeQuiteUnaVida" executed="True" result="Success" success="True" time="0.000" asserts="1" />
                  <test-case name="TP2_Bomberman.test.LopezRTest.TratarDeSeguirDaniandoALopezRDestruidoLanceUnaExcepcion" executed="True" result="Success" success="True" time="0.000" asserts="1" />
                </results>
              </test-suite>
              <test-suite type="TestFixture" name="SalidaTest" executed="True" result="Success" success="True" time="0.031" asserts="0">
                <results>
                  <test-case name="TP2_Bomberman.test.SalidaTest.PruebaLaCreacionDeUnaSalidaEnUnaPosicionDeterminada" executed="True" result="Success" success="True" time="0.000" asserts="4" />
                  <test-case name="TP2_Bomberman.test.SalidaTest.PruebaLaCreacionDeUnaSalidaEnUnaPosicionDeterminadaEnUnTablero" executed="True" result="Success" success="True" time="0.000" asserts="4" />
                  <test-case name="TP2_Bomberman.test.SalidaTest.PruebaQueCuandoBombitaLoAgarrePaseDeNivel" executed="True" result="Success" success="True" time="0.016" asserts="1" />
                  <test-case name="TP2_Bomberman.test.SalidaTest.PruebaQueDaniarloNoLoDestruya" executed="True" result="Success" success="True" time="0.000" asserts="3" />
                  <test-case name="TP2_Bomberman.test.SalidaTest.PruebaQueUnaMolotovNoLoDestruya" executed="True" result="Success" success="True" time="0.000" asserts="1" />
                  <test-case name="TP2_Bomberman.test.SalidaTest.PruebaQueUnBloqueTengaUnaSalidaYCuandoSeaDestruidoLaDejeEnElTablero" executed="True" result="Success" success="True" time="0.000" asserts="2" />
                </results>
              </test-suite>
              <test-suite type="TestFixture" name="TableroTest" executed="True" result="Success" success="True" time="0.047" asserts="0">
                <results>
                  <test-case name="TP2_Bomberman.test.TableroTest.PruebaAgregarUnaEntidadAUnaCasillaDelTableroYVerificarQueEstaVacioDevuelvaFalse" executed="True" result="Success" success="True" time="0.000" asserts="2" />
                  <test-case name="TP2_Bomberman.test.TableroTest.PruebaCrearTableroYEnemigosVivosEsNueve" executed="True" result="Success" success="True" time="0.000" asserts="1" />
                  <test-case name="TP2_Bomberman.test.TableroTest.PruebaCrearUnTableroConDimension1" executed="True" result="Success" success="True" time="0.000" asserts="1" />
                  <test-case name="TP2_Bomberman.test.TableroTest.PruebaQueCuandoSeIntentaAccederAUnCasilleroFueraDeRangoLanceUnaExcepcion" executed="True" result="Success" success="True" time="0.016" asserts="1" />
                  <test-case name="TP2_Bomberman.test.TableroTest.PruebaQueDevuelvaElCasilleroDeUnaPosicionDada" executed="True" result="Success" success="True" time="0.000" asserts="2" />
                  <test-case name="TP2_Bomberman.test.TableroTest.PruebaQueSeGuardeCorrectamenteLaPosicionDeBombita" executed="True" result="Success" success="True" time="0.000" asserts="2" />
                  <test-case name="TP2_Bomberman.test.TableroTest.PruebaQueSeGuardeCorrectamenteLaPosicionDeBombitaCuandoSeMueve" executed="True" result="Success" success="True" time="0.000" asserts="2" />
                  <test-case name="TP2_Bomberman.test.TableroTest.PruebaTableroInicializadoConBloquesDeAcero" executed="True" result="Success" success="True" time="0.000" asserts="5" />
                </results>
              </test-suite>
              <test-suite type="TestFixture" name="TimerTest" executed="True" result="Success" success="True" time="0.047" asserts="0">
                <results>
                  <test-case name="TP2_Bomberman.test.TimerTest.CuandoSeTrateDeDaniarUnTimerYaDestruidoLanceUnaExcepcion" executed="True" result="Success" success="True" time="0.000" asserts="1" />
                  <test-case name="TP2_Bomberman.test.TimerTest.CuandoUnBombitaUtiliceUnTimerSusBombasTenganUnRetardoQuincePorcientoMenor" executed="True" result="Success" success="True" time="0.000" asserts="1" />
                  <test-case name="TP2_Bomberman.test.TimerTest.PruebaLaCreacionDeUnTimer" executed="True" result="Success" success="True" time="0.000" asserts="2" />
                  <test-case name="TP2_Bomberman.test.TimerTest.PruebaLaCreacionDeUnTimerEnUnaPosicionDeterminada" executed="True" result="Success" success="True" time="0.000" asserts="4" />
                  <test-case name="TP2_Bomberman.test.TimerTest.PruebaQueDaniarUnTimerConUnaMolotovLoDestruya" executed="True" result="Success" success="True" time="0.000" asserts="1" />
                  <test-case name="TP2_Bomberman.test.TimerTest.PruebaQueDaniarUnTimerConUnaToleToleLoDestruya" executed="True" result="Success" success="True" time="0.000" asserts="1" />
                  <test-case name="TP2_Bomberman.test.TimerTest.PruebaQueDaniarUnTimerConUnProyectilLoDestruya" executed="True" result="Success" success="True" time="0.000" asserts="1" />
                  <test-case name="TP2_Bomberman.test.TimerTest.PruebaQueElEfectoDelTimerLeDureHastaQueMuera" executed="True" result="Success" success="True" time="0.000" asserts="3" />
                </results>
              </test-suite>
            </results>
          </test-suite>
        </results>
      </test-suite>
    </results>
  </test-suite>
</test-results>